[2025-12-09 21:26:32] === OpenStack Preflight Tester Started ===
[2025-12-09 21:26:32] [INFO] === CHECKING EXECUTOR IDENTITY ===
[2025-12-09 21:26:32] [SUCCESS] User: nics (UID=1000)
[2025-12-09 21:26:32] [DEBUG] Groups: nics adm cdrom sudo dip plugdev users lpadmin
[2025-12-09 21:26:32] [SUCCESS] User is member of sudo group
[2025-12-09 21:26:32] [INFO] === CHECKING OS VERSION ===
[2025-12-09 21:26:32] [DEBUG] Detected: Ubuntu 24.04 LTS
[2025-12-09 21:26:32] [SUCCESS] Ubuntu version 24.04 is supported
[2025-12-09 21:26:32] [INFO] === CHECKING SYSTEM RESOURCES ===
[2025-12-09 21:26:32] [DEBUG] Total RAM: 32095MB | Used: 1919MB | Free: 30176MB
[2025-12-09 21:26:32] [DEBUG] Disk Total: 195G | Used: 14GB | Free: 171GB
[2025-12-09 21:26:32] [SUCCESS] RAM requirement satisfied (32095MB >= 6000MB)
[2025-12-09 21:26:32] [SUCCESS] Disk requirement satisfied (171GB >= 20GB)
[2025-12-09 21:26:32] [INFO] === CHECKING NETWORK CONNECTIVITY ===
[2025-12-09 21:26:32] [SUCCESS] External connectivity OK (ping 8.8.8.8)
[2025-12-09 21:26:32] [INFO] Testing DNS resolution
[2025-12-09 21:26:32] [SUCCESS] DNS resolution OK (method: dig)
[2025-12-09 21:26:32] [INFO] === CHECKING PYTHON AVAILABILITY ===
[2025-12-09 21:26:32] [SUCCESS] Python 3.12.3 found
[2025-12-09 21:26:32] [INFO] === CHECKING DOCKER STATE ===
[2025-12-09 21:26:32] [DEBUG] Docker service not active
[2025-12-09 21:26:32] [DEBUG] Docker not installed yet (will be installed later)
[2025-12-09 21:26:32] [INFO] === CHECKING NETWORK INTERFACES ===
[2025-12-09 21:26:32] [SUCCESS] Default interface detected: ens34
[2025-12-09 21:26:32] [SUCCESS] IPv4 address assigned: 192.168.0.195/24
[2025-12-09 21:26:32] [INFO] === CHECKING PREVIOUS KOLLA INSTALLATION ===
[2025-12-09 21:26:32] [SUCCESS] No previous Kolla installation detected
[2025-12-09 21:26:32] [INFO] === CHECKING VIRTUALENV STATE ===
[2025-12-09 21:26:32] [SUCCESS] Virtualenv directory clean (will be created later)
[2025-12-09 21:26:32] [INFO] === CHECKING CRITICAL PACKAGES ===
[2025-12-09 21:26:32] [DEBUG] Package curl: NOT FOUND (will be installed)
[2025-12-09 21:26:32] [SUCCESS] Package wget: OK
[2025-12-09 21:26:32] [SUCCESS] Package git: OK
[2025-12-09 21:26:32] [WARNING] Missing packages: curl (will be installed by module 01)
[2025-12-09 21:26:32] [INFO] Results:
[2025-12-09 21:26:32] [INFO] ✓ Checks Passed: 14
[2025-12-09 21:26:32] [INFO] ⚠ Warnings: 1
[2025-12-09 21:26:32] [INFO] ✗ Checks Failed: 0
[2025-12-09 21:26:33] [SUCCESS] System is ready for OpenStack installation
